2024-01-13 20:39:10,369:INFO:PyCaret Supervised Module
2024-01-13 20:39:10,370:INFO:ML Usecase: classification
2024-01-13 20:39:10,370:INFO:version 2.3.6
2024-01-13 20:39:10,370:INFO:Initializing setup()
2024-01-13 20:39:10,370:INFO:setup(target=0         0
1         0
2         0
3         0
4         0
         ..
165029    0
165030    0
165031    0
165032    0
165033    1
Name: Exited, Length: 165034, dtype: int64, ml_usecase=classification, available_plots={'parameter': 'Hyperparameters', 'auc': 'AUC', 'confusion_matrix': 'Confusion Matrix', 'threshold': 'Threshold', 'pr': 'Precision Recall', 'error': 'Prediction Error', 'class_report': 'Class Report', 'rfe': 'Feature Selection', 'learning': 'Learning Curve', 'manifold': 'Manifold Learning', 'calibration': 'Calibration Curve', 'vc': 'Validation Curve', 'dimension': 'Dimensions', 'feature': 'Feature Importance', 'feature_all': 'Feature Importance (All)', 'boundary': 'Decision Boundary', 'lift': 'Lift Chart', 'gain': 'Gain Chart', 'tree': 'Decision Tree', 'ks': 'KS Statistic Plot'}, train_size=0.7, test_data=None, preprocess=True, imputation_type=simple, iterative_imputation_iters=5, categorical_features=None, categorical_imputation=constant, categorical_iterative_imputer=lightgbm, ordinal_features=None, high_cardinality_features=None, high_cardinality_method=frequency, numeric_features=None, numeric_imputation=mean, numeric_iterative_imputer=lightgbm, date_features=None, ignore_features=None, normalize=False, normalize_method=zscore, transformation=False, transformation_method=yeo-johnson, handle_unknown_categorical=True, unknown_categorical_method=least_frequent, pca=False, pca_method=linear, pca_components=None, ignore_low_variance=False, combine_rare_levels=False, rare_level_threshold=0.1, bin_numeric_features=None, remove_outliers=False, outliers_threshold=0.05, remove_multicollinearity=False, multicollinearity_threshold=0.9, remove_perfect_collinearity=True, create_clusters=False, cluster_iter=20, polynomial_features=False, polynomial_degree=2, trigonometry_features=False, polynomial_threshold=0.1, group_features=None, group_names=None, feature_selection=False, feature_selection_threshold=0.8, feature_selection_method=classic, feature_interaction=False, feature_ratio=False, interaction_threshold=0.01, fix_imbalance=False, fix_imbalance_method=None, transform_target=False, transform_target_method=box-cox, data_split_shuffle=True, data_split_stratify=False, fold_strategy=stratifiedkfold, fold=10, fold_shuffle=False, fold_groups=None, n_jobs=-1, use_gpu=False, custom_pipeline=None, html=True, session_id=42, log_experiment=False, experiment_name=None, log_plots=False, log_profile=False, log_data=False, silent=False, verbose=True, profile=False, profile_kwargs=None, display=None)
2024-01-13 20:39:10,370:INFO:Checking environment
2024-01-13 20:39:10,370:INFO:python_version: 3.8.8
2024-01-13 20:39:10,370:INFO:python_build: ('default', 'Apr 13 2021 15:08:03')
2024-01-13 20:39:10,370:INFO:machine: AMD64
2024-01-13 20:39:10,371:INFO:platform: Windows-10-10.0.19041-SP0
2024-01-13 20:39:10,371:INFO:Memory: svmem(total=16497811456, available=8518402048, percent=48.4, used=7979409408, free=8518402048)
2024-01-13 20:39:10,371:INFO:Physical Core: 6
2024-01-13 20:39:10,371:INFO:Logical Core: 6
2024-01-13 20:39:10,371:INFO:Checking libraries
2024-01-13 20:39:10,371:INFO:pd==1.2.4
2024-01-13 20:39:10,371:INFO:numpy==1.19.5
2024-01-13 20:39:10,371:INFO:sklearn==0.23.2
2024-01-13 20:39:10,372:INFO:lightgbm==3.2.1
2024-01-13 20:39:10,670:INFO:catboost==0.26.1
2024-01-13 20:39:10,697:INFO:xgboost==1.4.2
2024-01-13 20:39:11,830:INFO:mlflow==1.24.0
2024-01-13 20:39:11,830:INFO:Checking Exceptions
2024-01-13 20:40:15,236:INFO:PyCaret Supervised Module
2024-01-13 20:40:15,236:INFO:ML Usecase: classification
2024-01-13 20:40:15,236:INFO:version 2.3.6
2024-01-13 20:40:15,236:INFO:Initializing setup()
2024-01-13 20:40:15,236:INFO:setup(target=Exited, ml_usecase=classification, available_plots={'parameter': 'Hyperparameters', 'auc': 'AUC', 'confusion_matrix': 'Confusion Matrix', 'threshold': 'Threshold', 'pr': 'Precision Recall', 'error': 'Prediction Error', 'class_report': 'Class Report', 'rfe': 'Feature Selection', 'learning': 'Learning Curve', 'manifold': 'Manifold Learning', 'calibration': 'Calibration Curve', 'vc': 'Validation Curve', 'dimension': 'Dimensions', 'feature': 'Feature Importance', 'feature_all': 'Feature Importance (All)', 'boundary': 'Decision Boundary', 'lift': 'Lift Chart', 'gain': 'Gain Chart', 'tree': 'Decision Tree', 'ks': 'KS Statistic Plot'}, train_size=0.7, test_data=None, preprocess=True, imputation_type=simple, iterative_imputation_iters=5, categorical_features=None, categorical_imputation=constant, categorical_iterative_imputer=lightgbm, ordinal_features=None, high_cardinality_features=None, high_cardinality_method=frequency, numeric_features=None, numeric_imputation=mean, numeric_iterative_imputer=lightgbm, date_features=None, ignore_features=None, normalize=False, normalize_method=zscore, transformation=False, transformation_method=yeo-johnson, handle_unknown_categorical=True, unknown_categorical_method=least_frequent, pca=False, pca_method=linear, pca_components=None, ignore_low_variance=False, combine_rare_levels=False, rare_level_threshold=0.1, bin_numeric_features=None, remove_outliers=False, outliers_threshold=0.05, remove_multicollinearity=False, multicollinearity_threshold=0.9, remove_perfect_collinearity=True, create_clusters=False, cluster_iter=20, polynomial_features=False, polynomial_degree=2, trigonometry_features=False, polynomial_threshold=0.1, group_features=None, group_names=None, feature_selection=False, feature_selection_threshold=0.8, feature_selection_method=classic, feature_interaction=False, feature_ratio=False, interaction_threshold=0.01, fix_imbalance=False, fix_imbalance_method=None, transform_target=False, transform_target_method=box-cox, data_split_shuffle=True, data_split_stratify=False, fold_strategy=stratifiedkfold, fold=10, fold_shuffle=False, fold_groups=None, n_jobs=-1, use_gpu=False, custom_pipeline=None, html=True, session_id=42, log_experiment=False, experiment_name=None, log_plots=False, log_profile=False, log_data=False, silent=False, verbose=True, profile=False, profile_kwargs=None, display=None)
2024-01-13 20:40:15,236:INFO:Checking environment
2024-01-13 20:40:15,236:INFO:python_version: 3.8.8
2024-01-13 20:40:15,236:INFO:python_build: ('default', 'Apr 13 2021 15:08:03')
2024-01-13 20:40:15,236:INFO:machine: AMD64
2024-01-13 20:40:15,236:INFO:platform: Windows-10-10.0.19041-SP0
2024-01-13 20:40:15,236:INFO:Memory: svmem(total=16497811456, available=8248971264, percent=50.0, used=8248840192, free=8248971264)
2024-01-13 20:40:15,236:INFO:Physical Core: 6
2024-01-13 20:40:15,237:INFO:Logical Core: 6
2024-01-13 20:40:15,237:INFO:Checking libraries
2024-01-13 20:40:15,237:INFO:pd==1.2.4
2024-01-13 20:40:15,237:INFO:numpy==1.19.5
2024-01-13 20:40:15,237:INFO:sklearn==0.23.2
2024-01-13 20:40:15,237:INFO:lightgbm==3.2.1
2024-01-13 20:40:15,237:INFO:catboost==0.26.1
2024-01-13 20:40:15,237:INFO:xgboost==1.4.2
2024-01-13 20:40:15,237:INFO:mlflow==1.24.0
2024-01-13 20:40:15,237:INFO:Checking Exceptions
2024-01-13 20:40:15,237:INFO:Declaring global variables
2024-01-13 20:40:15,237:INFO:USI: b6c6
2024-01-13 20:40:15,237:INFO:pycaret_globals: {'master_model_container', 'fix_imbalance_param', 'imputation_classifier', 'experiment__', 'display_container', 'X_test', 'fold_param', '_available_plots', 'fold_groups_param_full', 'X_train', 'y', 'prep_pipe', 'y_test', 'gpu_param', 'fold_generator', 'USI', '_ml_usecase', '_all_models', 'n_jobs_param', '_all_metrics', 'transform_target_method_param', 'transform_target_param', '_gpu_n_jobs_param', '_all_models_internal', 'exp_name_log', 'log_plots_param', 'imputation_regressor', 'logging_param', 'stratify_param', 'create_model_container', 'html_param', 'seed', 'iterative_imputation_iters_param', 'X', 'pycaret_globals', 'target_param', 'fix_imbalance_method_param', 'data_before_preprocess', 'fold_shuffle_param', 'fold_groups_param', '_internal_pipeline', 'y_train'}
2024-01-13 20:40:15,237:INFO:Preparing display monitor
2024-01-13 20:40:15,237:INFO:Preparing display monitor
2024-01-13 20:40:15,251:INFO:Importing libraries
2024-01-13 20:40:15,251:INFO:Copying data for preprocessing
2024-01-13 20:40:15,266:INFO:Declaring preprocessing parameters
2024-01-13 20:40:15,284:INFO:Creating preprocessing pipeline
2024-01-13 20:40:15,556:INFO:Preprocessing pipeline created successfully
2024-01-13 20:40:15,556:ERROR:(Process Exit): setup has been interupted with user command 'quit'. setup must rerun.
2024-01-13 20:40:15,556:INFO:Creating global containers
2024-01-13 20:40:15,561:INFO:Internal pipeline: Pipeline(memory=None, steps=[('empty_step', 'passthrough')], verbose=False)
2024-01-13 20:40:55,559:INFO:Creating grid variables
2024-01-13 20:40:55,599:INFO:create_model_container: 0
2024-01-13 20:40:55,600:INFO:master_model_container: 0
2024-01-13 20:40:55,600:INFO:display_container: 1
2024-01-13 20:40:55,605:INFO:Pipeline(memory=None,
         steps=[('dtypes',
                 DataTypes_Auto_infer(categorical_features=[],
                                      display_types=True, features_todrop=[],
                                      id_columns=['id'],
                                      ml_usecase='classification',
                                      numerical_features=[], target='Exited',
                                      time_features=[])),
                ('imputer',
                 Simple_Imputer(categorical_strategy='not_available',
                                fill_value_categorical=None,
                                fill_value_numerical=None,
                                numeric_s...
                ('scaling', 'passthrough'), ('P_transform', 'passthrough'),
                ('binn', 'passthrough'), ('rem_outliers', 'passthrough'),
                ('cluster_all', 'passthrough'),
                ('dummy', Dummify(target='Exited')),
                ('fix_perfect', Remove_100(target='Exited')),
                ('clean_names', Clean_Colum_Names()),
                ('feature_select', 'passthrough'), ('fix_multi', 'passthrough'),
                ('dfs', 'passthrough'), ('pca', 'passthrough')],
         verbose=False)
2024-01-13 20:40:55,605:INFO:setup() succesfully completed......................................
2024-01-13 20:41:55,154:INFO:Initializing compare_models()
2024-01-13 20:41:55,155:INFO:compare_models(include=None, fold=None, round=4, cross_validation=True, sort=Accuracy, n_select=1, budget_time=None, turbo=True, errors=ignore, fit_kwargs=None, groups=None, probability_threshold=None, verbose=True, display=None, exclude=None)
2024-01-13 20:41:55,155:INFO:Checking exceptions
2024-01-13 20:41:55,157:INFO:Preparing display monitor
2024-01-13 20:41:55,157:INFO:Preparing display monitor
2024-01-13 20:41:55,183:INFO:Initializing Logistic Regression
2024-01-13 20:41:55,184:INFO:Total runtime is 0.0 minutes
2024-01-13 20:41:55,192:INFO:SubProcess create_model() called ==================================
2024-01-13 20:41:55,193:INFO:Initializing create_model()
2024-01-13 20:41:55,194:INFO:create_model(estimator=lr, fold=StratifiedKFold(n_splits=10, random_state=None, shuffle=False), round=4, cross_validation=True, predict=True, fit_kwargs={}, groups=None, refit=False, verbose=False, system=False, metrics=None, add_to_model_list=True, probability_threshold=None, display=<pycaret.internal.Display.Display object at 0x000002058AC2B790>, kwargs={})
2024-01-13 20:41:55,194:INFO:Checking exceptions
2024-01-13 20:41:55,194:INFO:Importing libraries
2024-01-13 20:41:55,194:INFO:Copying training dataset
2024-01-13 20:41:55,476:INFO:Defining folds
2024-01-13 20:41:55,477:INFO:Declaring metric variables
2024-01-13 20:41:55,484:INFO:Importing untrained model
2024-01-13 20:41:55,492:INFO:Logistic Regression Imported succesfully
2024-01-13 20:41:55,506:INFO:Starting cross validation
2024-01-13 20:41:55,507:INFO:Cross validating with StratifiedKFold(n_splits=10, random_state=None, shuffle=False), n_jobs=-1
2024-01-13 20:45:13,637:INFO:Calculating mean and std
2024-01-13 20:45:13,742:INFO:Creating metrics dataframe
2024-01-13 20:45:13,851:INFO:Uploading results into container
2024-01-13 20:45:13,851:INFO:Uploading model into container now
2024-01-13 20:45:13,852:INFO:create_model_container: 1
2024-01-13 20:45:13,852:INFO:master_model_container: 1
2024-01-13 20:45:13,852:INFO:display_container: 2
2024-01-13 20:45:13,867:INFO:LogisticRegression(C=1.0, class_weight=None, dual=False, fit_intercept=True,
                   intercept_scaling=1, l1_ratio=None, max_iter=1000,
                   multi_class='auto', n_jobs=None, penalty='l2',
                   random_state=42, solver='lbfgs', tol=0.0001, verbose=0,
                   warm_start=False)
2024-01-13 20:45:13,868:INFO:create_model() succesfully completed......................................
2024-01-13 20:45:14,449:INFO:SubProcess create_model() end ==================================
2024-01-13 20:45:14,449:INFO:Creating metrics dataframe
2024-01-13 20:45:14,485:INFO:Initializing K Neighbors Classifier
2024-01-13 20:45:14,486:INFO:Total runtime is 3.321724816163381 minutes
2024-01-13 20:45:14,494:INFO:SubProcess create_model() called ==================================
2024-01-13 20:45:14,495:INFO:Initializing create_model()
2024-01-13 20:45:14,495:INFO:create_model(estimator=knn, fold=StratifiedKFold(n_splits=10, random_state=None, shuffle=False), round=4, cross_validation=True, predict=True, fit_kwargs={}, groups=None, refit=False, verbose=False, system=False, metrics=None, add_to_model_list=True, probability_threshold=None, display=<pycaret.internal.Display.Display object at 0x000002058AC2B790>, kwargs={})
2024-01-13 20:45:14,495:INFO:Checking exceptions
2024-01-13 20:45:14,495:INFO:Importing libraries
2024-01-13 20:45:14,496:INFO:Copying training dataset
2024-01-13 20:45:15,277:INFO:Defining folds
2024-01-13 20:45:15,278:INFO:Declaring metric variables
2024-01-13 20:45:15,286:INFO:Importing untrained model
2024-01-13 20:45:15,294:INFO:K Neighbors Classifier Imported succesfully
2024-01-13 20:45:15,312:INFO:Starting cross validation
2024-01-13 20:45:15,313:INFO:Cross validating with StratifiedKFold(n_splits=10, random_state=None, shuffle=False), n_jobs=-1
2024-01-13 20:52:32,115:INFO:PyCaret Supervised Module
2024-01-13 20:52:32,115:INFO:ML Usecase: classification
2024-01-13 20:52:32,115:INFO:version 2.3.6
2024-01-13 20:52:32,115:INFO:Initializing setup()
2024-01-13 20:52:32,115:INFO:setup(target=Exited, ml_usecase=classification, available_plots={'parameter': 'Hyperparameters', 'auc': 'AUC', 'confusion_matrix': 'Confusion Matrix', 'threshold': 'Threshold', 'pr': 'Precision Recall', 'error': 'Prediction Error', 'class_report': 'Class Report', 'rfe': 'Feature Selection', 'learning': 'Learning Curve', 'manifold': 'Manifold Learning', 'calibration': 'Calibration Curve', 'vc': 'Validation Curve', 'dimension': 'Dimensions', 'feature': 'Feature Importance', 'feature_all': 'Feature Importance (All)', 'boundary': 'Decision Boundary', 'lift': 'Lift Chart', 'gain': 'Gain Chart', 'tree': 'Decision Tree', 'ks': 'KS Statistic Plot'}, train_size=0.7, test_data=None, preprocess=True, imputation_type=simple, iterative_imputation_iters=5, categorical_features=None, categorical_imputation=constant, categorical_iterative_imputer=lightgbm, ordinal_features=None, high_cardinality_features=None, high_cardinality_method=frequency, numeric_features=None, numeric_imputation=mean, numeric_iterative_imputer=lightgbm, date_features=None, ignore_features=None, normalize=False, normalize_method=zscore, transformation=False, transformation_method=yeo-johnson, handle_unknown_categorical=True, unknown_categorical_method=least_frequent, pca=False, pca_method=linear, pca_components=None, ignore_low_variance=False, combine_rare_levels=False, rare_level_threshold=0.1, bin_numeric_features=None, remove_outliers=False, outliers_threshold=0.05, remove_multicollinearity=False, multicollinearity_threshold=0.9, remove_perfect_collinearity=True, create_clusters=False, cluster_iter=20, polynomial_features=False, polynomial_degree=2, trigonometry_features=False, polynomial_threshold=0.1, group_features=None, group_names=None, feature_selection=False, feature_selection_threshold=0.8, feature_selection_method=classic, feature_interaction=False, feature_ratio=False, interaction_threshold=0.01, fix_imbalance=False, fix_imbalance_method=None, transform_target=False, transform_target_method=box-cox, data_split_shuffle=True, data_split_stratify=False, fold_strategy=stratifiedkfold, fold=10, fold_shuffle=False, fold_groups=None, n_jobs=-1, use_gpu=False, custom_pipeline=None, html=True, session_id=42, log_experiment=False, experiment_name=None, log_plots=False, log_profile=False, log_data=False, silent=False, verbose=True, profile=False, profile_kwargs=None, display=None)
2024-01-13 20:52:32,116:INFO:Checking environment
2024-01-13 20:52:32,116:INFO:python_version: 3.8.8
2024-01-13 20:52:32,116:INFO:python_build: ('default', 'Apr 13 2021 15:08:03')
2024-01-13 20:52:32,116:INFO:machine: AMD64
2024-01-13 20:52:32,116:INFO:platform: Windows-10-10.0.19041-SP0
2024-01-13 20:52:32,117:INFO:Memory: svmem(total=16497811456, available=12182163456, percent=26.2, used=4315648000, free=12182163456)
2024-01-13 20:52:32,117:INFO:Physical Core: 6
2024-01-13 20:52:32,117:INFO:Logical Core: 6
2024-01-13 20:52:32,117:INFO:Checking libraries
2024-01-13 20:52:32,117:INFO:pd==1.2.4
2024-01-13 20:52:32,117:INFO:numpy==1.19.5
2024-01-13 20:52:32,117:INFO:sklearn==0.23.2
2024-01-13 20:52:32,117:INFO:lightgbm==3.2.1
2024-01-13 20:52:32,350:INFO:catboost==0.26.1
2024-01-13 20:52:32,424:INFO:xgboost==1.4.2
2024-01-13 20:52:32,995:INFO:mlflow==1.24.0
2024-01-13 20:52:32,996:INFO:Checking Exceptions
2024-01-13 20:52:32,996:INFO:Declaring global variables
2024-01-13 20:52:32,996:INFO:USI: 55d7
2024-01-13 20:52:32,996:INFO:pycaret_globals: {'_ml_usecase', '_available_plots', 'fold_param', 'prep_pipe', '_all_metrics', 'fold_shuffle_param', 'log_plots_param', 'X_test', 'n_jobs_param', 'USI', '_gpu_n_jobs_param', 'pycaret_globals', 'master_model_container', 'fold_groups_param_full', 'fold_groups_param', 'y', 'imputation_regressor', 'y_train', 'logging_param', '_internal_pipeline', 'stratify_param', 'fold_generator', 'seed', 'y_test', 'X_train', 'transform_target_param', '_all_models', 'data_before_preprocess', 'fix_imbalance_method_param', 'gpu_param', '_all_models_internal', 'iterative_imputation_iters_param', 'experiment__', 'target_param', 'display_container', 'transform_target_method_param', 'create_model_container', 'html_param', 'X', 'imputation_classifier', 'fix_imbalance_param', 'exp_name_log'}
2024-01-13 20:52:32,996:INFO:Preparing display monitor
2024-01-13 20:52:32,996:INFO:Preparing display monitor
2024-01-13 20:52:33,007:INFO:Importing libraries
2024-01-13 20:52:33,007:INFO:Copying data for preprocessing
2024-01-13 20:52:33,020:INFO:Declaring preprocessing parameters
2024-01-13 20:52:33,034:INFO:Creating preprocessing pipeline
2024-01-13 20:52:33,306:INFO:Preprocessing pipeline created successfully
2024-01-13 20:52:33,307:ERROR:(Process Exit): setup has been interupted with user command 'quit'. setup must rerun.
2024-01-13 20:52:33,307:INFO:Creating global containers
2024-01-13 20:52:33,309:INFO:Internal pipeline: Pipeline(memory=None, steps=[('empty_step', 'passthrough')], verbose=False)
2024-01-13 20:53:24,042:INFO:Creating grid variables
2024-01-13 20:53:24,078:INFO:create_model_container: 0
2024-01-13 20:53:24,078:INFO:master_model_container: 0
2024-01-13 20:53:24,078:INFO:display_container: 1
2024-01-13 20:53:24,083:INFO:Pipeline(memory=None,
         steps=[('dtypes',
                 DataTypes_Auto_infer(categorical_features=[],
                                      display_types=True, features_todrop=[],
                                      id_columns=['id'],
                                      ml_usecase='classification',
                                      numerical_features=[], target='Exited',
                                      time_features=[])),
                ('imputer',
                 Simple_Imputer(categorical_strategy='not_available',
                                fill_value_categorical=None,
                                fill_value_numerical=None,
                                numeric_s...
                ('scaling', 'passthrough'), ('P_transform', 'passthrough'),
                ('binn', 'passthrough'), ('rem_outliers', 'passthrough'),
                ('cluster_all', 'passthrough'),
                ('dummy', Dummify(target='Exited')),
                ('fix_perfect', Remove_100(target='Exited')),
                ('clean_names', Clean_Colum_Names()),
                ('feature_select', 'passthrough'), ('fix_multi', 'passthrough'),
                ('dfs', 'passthrough'), ('pca', 'passthrough')],
         verbose=False)
2024-01-13 20:53:24,083:INFO:setup() succesfully completed......................................
2024-01-13 20:53:24,475:INFO:Initializing compare_models()
2024-01-13 20:53:24,475:INFO:compare_models(include=None, fold=3, round=4, cross_validation=True, sort=f1, n_select=1, budget_time=None, turbo=True, errors=ignore, fit_kwargs=None, groups=None, probability_threshold=None, verbose=True, display=None, exclude=None)
2024-01-13 20:53:24,475:INFO:Checking exceptions
2024-01-13 20:53:24,478:INFO:Preparing display monitor
2024-01-13 20:53:24,478:INFO:Preparing display monitor
2024-01-13 20:53:24,512:INFO:Initializing Logistic Regression
2024-01-13 20:53:24,512:INFO:Total runtime is 0.0 minutes
2024-01-13 20:53:24,524:INFO:SubProcess create_model() called ==================================
2024-01-13 20:53:24,525:INFO:Initializing create_model()
2024-01-13 20:53:24,526:INFO:create_model(estimator=lr, fold=StratifiedKFold(n_splits=3, random_state=None, shuffle=False), round=4, cross_validation=True, predict=True, fit_kwargs={}, groups=None, refit=False, verbose=False, system=False, metrics=None, add_to_model_list=True, probability_threshold=None, display=<pycaret.internal.Display.Display object at 0x0000020005909130>, kwargs={})
2024-01-13 20:53:24,526:INFO:Checking exceptions
2024-01-13 20:53:24,526:INFO:Importing libraries
2024-01-13 20:53:24,526:INFO:Copying training dataset
2024-01-13 20:53:24,951:INFO:Defining folds
2024-01-13 20:53:24,951:INFO:Declaring metric variables
2024-01-13 20:53:24,959:INFO:Importing untrained model
2024-01-13 20:53:24,968:INFO:Logistic Regression Imported succesfully
2024-01-13 20:53:24,986:INFO:Starting cross validation
2024-01-13 20:53:24,987:INFO:Cross validating with StratifiedKFold(n_splits=3, random_state=None, shuffle=False), n_jobs=-1
2024-01-13 20:54:14,219:INFO:Calculating mean and std
2024-01-13 20:54:14,222:INFO:Creating metrics dataframe
2024-01-13 20:54:14,227:INFO:Uploading results into container
2024-01-13 20:54:14,227:INFO:Uploading model into container now
2024-01-13 20:54:14,228:INFO:create_model_container: 1
2024-01-13 20:54:14,228:INFO:master_model_container: 1
2024-01-13 20:54:14,228:INFO:display_container: 2
2024-01-13 20:54:14,229:INFO:LogisticRegression(C=1.0, class_weight=None, dual=False, fit_intercept=True,
                   intercept_scaling=1, l1_ratio=None, max_iter=1000,
                   multi_class='auto', n_jobs=None, penalty='l2',
                   random_state=42, solver='lbfgs', tol=0.0001, verbose=0,
                   warm_start=False)
2024-01-13 20:54:14,229:INFO:create_model() succesfully completed......................................
2024-01-13 20:54:14,537:INFO:SubProcess create_model() end ==================================
2024-01-13 20:54:14,537:INFO:Creating metrics dataframe
2024-01-13 20:54:14,550:INFO:Initializing K Neighbors Classifier
2024-01-13 20:54:14,550:INFO:Total runtime is 0.8339562535285949 minutes
2024-01-13 20:54:14,559:INFO:SubProcess create_model() called ==================================
2024-01-13 20:54:14,559:INFO:Initializing create_model()
2024-01-13 20:54:14,559:INFO:create_model(estimator=knn, fold=StratifiedKFold(n_splits=3, random_state=None, shuffle=False), round=4, cross_validation=True, predict=True, fit_kwargs={}, groups=None, refit=False, verbose=False, system=False, metrics=None, add_to_model_list=True, probability_threshold=None, display=<pycaret.internal.Display.Display object at 0x0000020005909130>, kwargs={})
2024-01-13 20:54:14,560:INFO:Checking exceptions
2024-01-13 20:54:14,560:INFO:Importing libraries
2024-01-13 20:54:14,560:INFO:Copying training dataset
2024-01-13 20:54:15,064:INFO:Defining folds
2024-01-13 20:54:15,064:INFO:Declaring metric variables
2024-01-13 20:54:15,073:INFO:Importing untrained model
2024-01-13 20:54:15,082:INFO:K Neighbors Classifier Imported succesfully
2024-01-13 20:54:15,101:INFO:Starting cross validation
2024-01-13 20:54:15,102:INFO:Cross validating with StratifiedKFold(n_splits=3, random_state=None, shuffle=False), n_jobs=-1
2024-01-13 20:58:20,573:INFO:Calculating mean and std
2024-01-13 20:58:20,599:INFO:Creating metrics dataframe
2024-01-13 20:58:20,636:INFO:Uploading results into container
2024-01-13 20:58:20,636:INFO:Uploading model into container now
2024-01-13 20:58:20,636:INFO:create_model_container: 2
2024-01-13 20:58:20,637:INFO:master_model_container: 2
2024-01-13 20:58:20,637:INFO:display_container: 2
2024-01-13 20:58:20,642:INFO:KNeighborsClassifier(algorithm='auto', leaf_size=30, metric='minkowski',
                     metric_params=None, n_jobs=-1, n_neighbors=5, p=2,
                     weights='uniform')
2024-01-13 20:58:20,642:INFO:create_model() succesfully completed......................................
2024-01-13 20:58:21,015:INFO:SubProcess create_model() end ==================================
2024-01-13 20:58:21,016:INFO:Creating metrics dataframe
2024-01-13 20:58:21,037:INFO:Initializing Naive Bayes
2024-01-13 20:58:21,038:INFO:Total runtime is 4.942073531945547 minutes
2024-01-13 20:58:21,048:INFO:SubProcess create_model() called ==================================
2024-01-13 20:58:21,048:INFO:Initializing create_model()
2024-01-13 20:58:21,048:INFO:create_model(estimator=nb, fold=StratifiedKFold(n_splits=3, random_state=None, shuffle=False), round=4, cross_validation=True, predict=True, fit_kwargs={}, groups=None, refit=False, verbose=False, system=False, metrics=None, add_to_model_list=True, probability_threshold=None, display=<pycaret.internal.Display.Display object at 0x0000020005909130>, kwargs={})
2024-01-13 20:58:21,049:INFO:Checking exceptions
2024-01-13 20:58:21,049:INFO:Importing libraries
2024-01-13 20:58:21,049:INFO:Copying training dataset
2024-01-13 20:58:21,641:INFO:Defining folds
2024-01-13 20:58:21,642:INFO:Declaring metric variables
2024-01-13 20:58:21,649:INFO:Importing untrained model
2024-01-13 20:58:21,659:INFO:Naive Bayes Imported succesfully
2024-01-13 20:58:21,678:INFO:Starting cross validation
2024-01-13 20:58:21,679:INFO:Cross validating with StratifiedKFold(n_splits=3, random_state=None, shuffle=False), n_jobs=-1
2024-01-13 20:58:43,352:INFO:Calculating mean and std
2024-01-13 20:58:43,354:INFO:Creating metrics dataframe
2024-01-13 20:58:43,358:INFO:Uploading results into container
2024-01-13 20:58:43,358:INFO:Uploading model into container now
2024-01-13 20:58:43,358:INFO:create_model_container: 3
2024-01-13 20:58:43,358:INFO:master_model_container: 3
2024-01-13 20:58:43,358:INFO:display_container: 2
2024-01-13 20:58:43,358:INFO:GaussianNB(priors=None, var_smoothing=1e-09)
2024-01-13 20:58:43,358:INFO:create_model() succesfully completed......................................
2024-01-13 20:58:43,595:INFO:SubProcess create_model() end ==================================
2024-01-13 20:58:43,595:INFO:Creating metrics dataframe
2024-01-13 20:58:43,612:INFO:Initializing Decision Tree Classifier
2024-01-13 20:58:43,612:INFO:Total runtime is 5.318328138192495 minutes
2024-01-13 20:58:43,622:INFO:SubProcess create_model() called ==================================
2024-01-13 20:58:43,623:INFO:Initializing create_model()
2024-01-13 20:58:43,623:INFO:create_model(estimator=dt, fold=StratifiedKFold(n_splits=3, random_state=None, shuffle=False), round=4, cross_validation=True, predict=True, fit_kwargs={}, groups=None, refit=False, verbose=False, system=False, metrics=None, add_to_model_list=True, probability_threshold=None, display=<pycaret.internal.Display.Display object at 0x0000020005909130>, kwargs={})
2024-01-13 20:58:43,623:INFO:Checking exceptions
2024-01-13 20:58:43,623:INFO:Importing libraries
2024-01-13 20:58:43,623:INFO:Copying training dataset
2024-01-13 20:58:44,233:INFO:Defining folds
2024-01-13 20:58:44,233:INFO:Declaring metric variables
2024-01-13 20:58:44,241:INFO:Importing untrained model
2024-01-13 20:58:44,249:INFO:Decision Tree Classifier Imported succesfully
2024-01-13 20:58:44,267:INFO:Starting cross validation
2024-01-13 20:58:44,267:INFO:Cross validating with StratifiedKFold(n_splits=3, random_state=None, shuffle=False), n_jobs=-1
2024-01-13 20:59:56,188:INFO:Calculating mean and std
2024-01-13 20:59:56,189:INFO:Creating metrics dataframe
2024-01-13 20:59:56,193:INFO:Uploading results into container
2024-01-13 20:59:56,193:INFO:Uploading model into container now
2024-01-13 20:59:56,193:INFO:create_model_container: 4
2024-01-13 20:59:56,193:INFO:master_model_container: 4
2024-01-13 20:59:56,193:INFO:display_container: 2
2024-01-13 20:59:56,194:INFO:DecisionTreeClassifier(ccp_alpha=0.0, class_weight=None, criterion='gini',
                       max_depth=None, max_features=None, max_leaf_nodes=None,
                       min_impurity_decrease=0.0, min_impurity_split=None,
                       min_samples_leaf=1, min_samples_split=2,
                       min_weight_fraction_leaf=0.0, presort='deprecated',
                       random_state=42, splitter='best')
2024-01-13 20:59:56,194:INFO:create_model() succesfully completed......................................
2024-01-13 20:59:56,449:INFO:SubProcess create_model() end ==================================
2024-01-13 20:59:56,449:INFO:Creating metrics dataframe
2024-01-13 20:59:56,465:INFO:Initializing SVM - Linear Kernel
2024-01-13 20:59:56,465:INFO:Total runtime is 6.532541930675507 minutes
2024-01-13 20:59:56,476:INFO:SubProcess create_model() called ==================================
2024-01-13 20:59:56,476:INFO:Initializing create_model()
2024-01-13 20:59:56,477:INFO:create_model(estimator=svm, fold=StratifiedKFold(n_splits=3, random_state=None, shuffle=False), round=4, cross_validation=True, predict=True, fit_kwargs={}, groups=None, refit=False, verbose=False, system=False, metrics=None, add_to_model_list=True, probability_threshold=None, display=<pycaret.internal.Display.Display object at 0x0000020005909130>, kwargs={})
2024-01-13 20:59:56,477:INFO:Checking exceptions
2024-01-13 20:59:56,477:INFO:Importing libraries
2024-01-13 20:59:56,477:INFO:Copying training dataset
2024-01-13 20:59:56,809:INFO:Defining folds
2024-01-13 20:59:56,810:INFO:Declaring metric variables
2024-01-13 20:59:56,816:INFO:Importing untrained model
2024-01-13 20:59:56,824:INFO:SVM - Linear Kernel Imported succesfully
2024-01-13 20:59:56,840:INFO:Starting cross validation
2024-01-13 20:59:56,841:INFO:Cross validating with StratifiedKFold(n_splits=3, random_state=None, shuffle=False), n_jobs=-1
2024-01-13 21:02:25,911:INFO:Calculating mean and std
2024-01-13 21:02:25,914:INFO:Creating metrics dataframe
2024-01-13 21:02:25,920:INFO:Uploading results into container
2024-01-13 21:02:25,921:INFO:Uploading model into container now
2024-01-13 21:02:25,921:INFO:create_model_container: 5
2024-01-13 21:02:25,921:INFO:master_model_container: 5
2024-01-13 21:02:25,921:INFO:display_container: 2
2024-01-13 21:02:25,923:INFO:SGDClassifier(alpha=0.0001, average=False, class_weight=None,
              early_stopping=False, epsilon=0.1, eta0=0.001, fit_intercept=True,
              l1_ratio=0.15, learning_rate='optimal', loss='hinge',
              max_iter=1000, n_iter_no_change=5, n_jobs=-1, penalty='l2',
              power_t=0.5, random_state=42, shuffle=True, tol=0.001,
              validation_fraction=0.1, verbose=0, warm_start=False)
2024-01-13 21:02:25,923:INFO:create_model() succesfully completed......................................
2024-01-13 21:02:26,149:INFO:SubProcess create_model() end ==================================
2024-01-13 21:02:26,149:INFO:Creating metrics dataframe
2024-01-13 21:02:26,173:INFO:Initializing Ridge Classifier
2024-01-13 21:02:26,174:INFO:Total runtime is 9.027699315547943 minutes
2024-01-13 21:02:26,182:INFO:SubProcess create_model() called ==================================
2024-01-13 21:02:26,184:INFO:Initializing create_model()
2024-01-13 21:02:26,184:INFO:create_model(estimator=ridge, fold=StratifiedKFold(n_splits=3, random_state=None, shuffle=False), round=4, cross_validation=True, predict=True, fit_kwargs={}, groups=None, refit=False, verbose=False, system=False, metrics=None, add_to_model_list=True, probability_threshold=None, display=<pycaret.internal.Display.Display object at 0x0000020005909130>, kwargs={})
2024-01-13 21:02:26,184:INFO:Checking exceptions
2024-01-13 21:02:26,184:INFO:Importing libraries
2024-01-13 21:02:26,184:INFO:Copying training dataset
2024-01-13 21:02:26,507:INFO:Defining folds
2024-01-13 21:02:26,508:INFO:Declaring metric variables
2024-01-13 21:02:26,515:INFO:Importing untrained model
2024-01-13 21:02:26,523:INFO:Ridge Classifier Imported succesfully
2024-01-13 21:02:26,538:INFO:Starting cross validation
2024-01-13 21:02:26,539:INFO:Cross validating with StratifiedKFold(n_splits=3, random_state=None, shuffle=False), n_jobs=-1
2024-01-13 21:02:47,826:INFO:Calculating mean and std
2024-01-13 21:02:47,827:INFO:Creating metrics dataframe
2024-01-13 21:02:47,831:INFO:Uploading results into container
2024-01-13 21:02:47,832:INFO:Uploading model into container now
2024-01-13 21:02:47,832:INFO:create_model_container: 6
2024-01-13 21:02:47,832:INFO:master_model_container: 6
2024-01-13 21:02:47,832:INFO:display_container: 2
2024-01-13 21:02:47,832:INFO:RidgeClassifier(alpha=1.0, class_weight=None, copy_X=True, fit_intercept=True,
                max_iter=None, normalize=False, random_state=42, solver='auto',
                tol=0.001)
2024-01-13 21:02:47,833:INFO:create_model() succesfully completed......................................
2024-01-13 21:02:48,112:INFO:SubProcess create_model() end ==================================
2024-01-13 21:02:48,112:INFO:Creating metrics dataframe
2024-01-13 21:02:48,137:INFO:Initializing Random Forest Classifier
2024-01-13 21:02:48,137:INFO:Total runtime is 9.393751255671184 minutes
2024-01-13 21:02:48,147:INFO:SubProcess create_model() called ==================================
2024-01-13 21:02:48,148:INFO:Initializing create_model()
2024-01-13 21:02:48,148:INFO:create_model(estimator=rf, fold=StratifiedKFold(n_splits=3, random_state=None, shuffle=False), round=4, cross_validation=True, predict=True, fit_kwargs={}, groups=None, refit=False, verbose=False, system=False, metrics=None, add_to_model_list=True, probability_threshold=None, display=<pycaret.internal.Display.Display object at 0x0000020005909130>, kwargs={})
2024-01-13 21:02:48,149:INFO:Checking exceptions
2024-01-13 21:02:48,149:INFO:Importing libraries
2024-01-13 21:02:48,149:INFO:Copying training dataset
2024-01-13 21:02:48,742:INFO:Defining folds
2024-01-13 21:02:48,742:INFO:Declaring metric variables
2024-01-13 21:02:48,752:INFO:Importing untrained model
2024-01-13 21:02:48,761:INFO:Random Forest Classifier Imported succesfully
2024-01-13 21:02:48,779:INFO:Starting cross validation
2024-01-13 21:02:48,779:INFO:Cross validating with StratifiedKFold(n_splits=3, random_state=None, shuffle=False), n_jobs=-1
2024-01-13 21:05:53,897:INFO:Calculating mean and std
2024-01-13 21:05:53,898:INFO:Creating metrics dataframe
2024-01-13 21:05:53,903:INFO:Uploading results into container
2024-01-13 21:05:53,904:INFO:Uploading model into container now
2024-01-13 21:05:53,904:INFO:create_model_container: 7
2024-01-13 21:05:53,904:INFO:master_model_container: 7
2024-01-13 21:05:53,904:INFO:display_container: 2
2024-01-13 21:05:53,905:INFO:RandomForestClassifier(bootstrap=True, ccp_alpha=0.0, class_weight=None,
                       criterion='gini', max_depth=None, max_features='auto',
                       max_leaf_nodes=None, max_samples=None,
                       min_impurity_decrease=0.0, min_impurity_split=None,
                       min_samples_leaf=1, min_samples_split=2,
                       min_weight_fraction_leaf=0.0, n_estimators=100,
                       n_jobs=-1, oob_score=False, random_state=42, verbose=0,
                       warm_start=False)
2024-01-13 21:05:53,905:INFO:create_model() succesfully completed......................................
2024-01-13 21:05:54,158:INFO:SubProcess create_model() end ==================================
2024-01-13 21:05:54,158:INFO:Creating metrics dataframe
2024-01-13 21:05:54,176:INFO:Initializing Quadratic Discriminant Analysis
2024-01-13 21:05:54,177:INFO:Total runtime is 12.494419634342194 minutes
2024-01-13 21:05:54,186:INFO:SubProcess create_model() called ==================================
2024-01-13 21:05:54,187:INFO:Initializing create_model()
2024-01-13 21:05:54,187:INFO:create_model(estimator=qda, fold=StratifiedKFold(n_splits=3, random_state=None, shuffle=False), round=4, cross_validation=True, predict=True, fit_kwargs={}, groups=None, refit=False, verbose=False, system=False, metrics=None, add_to_model_list=True, probability_threshold=None, display=<pycaret.internal.Display.Display object at 0x0000020005909130>, kwargs={})
2024-01-13 21:05:54,187:INFO:Checking exceptions
2024-01-13 21:05:54,187:INFO:Importing libraries
2024-01-13 21:05:54,187:INFO:Copying training dataset
2024-01-13 21:05:54,740:INFO:Defining folds
2024-01-13 21:05:54,740:INFO:Declaring metric variables
2024-01-13 21:05:54,748:INFO:Importing untrained model
2024-01-13 21:05:54,759:INFO:Quadratic Discriminant Analysis Imported succesfully
2024-01-13 21:05:54,777:INFO:Starting cross validation
2024-01-13 21:05:54,778:INFO:Cross validating with StratifiedKFold(n_splits=3, random_state=None, shuffle=False), n_jobs=-1
2024-01-13 21:11:51,258:INFO:Calculating mean and std
2024-01-13 21:11:51,335:INFO:Creating metrics dataframe
2024-01-13 21:11:51,428:INFO:Uploading results into container
2024-01-13 21:11:51,429:INFO:Uploading model into container now
2024-01-13 21:11:51,429:INFO:create_model_container: 8
2024-01-13 21:11:51,429:INFO:master_model_container: 8
2024-01-13 21:11:51,429:INFO:display_container: 2
2024-01-13 21:11:51,440:INFO:QuadraticDiscriminantAnalysis(priors=None, reg_param=0.0,
                              store_covariance=False, tol=0.0001)
2024-01-13 21:11:51,441:INFO:create_model() succesfully completed......................................
2024-01-13 21:11:51,883:INFO:SubProcess create_model() end ==================================
2024-01-13 21:11:51,884:INFO:Creating metrics dataframe
2024-01-13 21:11:51,911:INFO:Initializing Ada Boost Classifier
2024-01-13 21:11:51,911:INFO:Total runtime is 18.45665225982666 minutes
2024-01-13 21:11:51,920:INFO:SubProcess create_model() called ==================================
2024-01-13 21:11:51,921:INFO:Initializing create_model()
2024-01-13 21:11:51,922:INFO:create_model(estimator=ada, fold=StratifiedKFold(n_splits=3, random_state=None, shuffle=False), round=4, cross_validation=True, predict=True, fit_kwargs={}, groups=None, refit=False, verbose=False, system=False, metrics=None, add_to_model_list=True, probability_threshold=None, display=<pycaret.internal.Display.Display object at 0x0000020005909130>, kwargs={})
2024-01-13 21:11:51,922:INFO:Checking exceptions
2024-01-13 21:11:51,922:INFO:Importing libraries
2024-01-13 21:11:51,922:INFO:Copying training dataset
2024-01-13 21:11:52,675:INFO:Defining folds
2024-01-13 21:11:52,675:INFO:Declaring metric variables
2024-01-13 21:11:52,681:INFO:Importing untrained model
2024-01-13 21:11:52,690:INFO:Ada Boost Classifier Imported succesfully
2024-01-13 21:11:52,704:INFO:Starting cross validation
2024-01-13 21:11:52,705:INFO:Cross validating with StratifiedKFold(n_splits=3, random_state=None, shuffle=False), n_jobs=-1
2024-01-13 21:13:23,449:INFO:Calculating mean and std
2024-01-13 21:13:23,451:INFO:Creating metrics dataframe
2024-01-13 21:13:23,455:INFO:Uploading results into container
2024-01-13 21:13:23,456:INFO:Uploading model into container now
2024-01-13 21:13:23,456:INFO:create_model_container: 9
2024-01-13 21:13:23,456:INFO:master_model_container: 9
2024-01-13 21:13:23,456:INFO:display_container: 2
2024-01-13 21:13:23,456:INFO:AdaBoostClassifier(algorithm='SAMME.R', base_estimator=None, learning_rate=1.0,
                   n_estimators=50, random_state=42)
2024-01-13 21:13:23,457:INFO:create_model() succesfully completed......................................
2024-01-13 21:13:23,764:INFO:SubProcess create_model() end ==================================
2024-01-13 21:13:23,765:INFO:Creating metrics dataframe
2024-01-13 21:13:23,783:INFO:Initializing Gradient Boosting Classifier
2024-01-13 21:13:23,784:INFO:Total runtime is 19.987870355447136 minutes
2024-01-13 21:13:23,793:INFO:SubProcess create_model() called ==================================
2024-01-13 21:13:23,794:INFO:Initializing create_model()
2024-01-13 21:13:23,794:INFO:create_model(estimator=gbc, fold=StratifiedKFold(n_splits=3, random_state=None, shuffle=False), round=4, cross_validation=True, predict=True, fit_kwargs={}, groups=None, refit=False, verbose=False, system=False, metrics=None, add_to_model_list=True, probability_threshold=None, display=<pycaret.internal.Display.Display object at 0x0000020005909130>, kwargs={})
2024-01-13 21:13:23,794:INFO:Checking exceptions
2024-01-13 21:13:23,794:INFO:Importing libraries
2024-01-13 21:13:23,794:INFO:Copying training dataset
2024-01-13 21:13:24,187:INFO:Defining folds
2024-01-13 21:13:24,187:INFO:Declaring metric variables
2024-01-13 21:13:24,194:INFO:Importing untrained model
2024-01-13 21:13:24,202:INFO:Gradient Boosting Classifier Imported succesfully
2024-01-13 21:13:24,216:INFO:Starting cross validation
2024-01-13 21:13:24,217:INFO:Cross validating with StratifiedKFold(n_splits=3, random_state=None, shuffle=False), n_jobs=-1
2024-01-13 21:18:46,712:INFO:Calculating mean and std
2024-01-13 21:18:46,714:INFO:Creating metrics dataframe
2024-01-13 21:18:46,719:INFO:Uploading results into container
2024-01-13 21:18:46,719:INFO:Uploading model into container now
2024-01-13 21:18:46,719:INFO:create_model_container: 10
2024-01-13 21:18:46,719:INFO:master_model_container: 10
2024-01-13 21:18:46,719:INFO:display_container: 2
2024-01-13 21:18:46,720:INFO:GradientBoostingClassifier(ccp_alpha=0.0, criterion='friedman_mse', init=None,
                           learning_rate=0.1, loss='deviance', max_depth=3,
                           max_features=None, max_leaf_nodes=None,
                           min_impurity_decrease=0.0, min_impurity_split=None,
                           min_samples_leaf=1, min_samples_split=2,
                           min_weight_fraction_leaf=0.0, n_estimators=100,
                           n_iter_no_change=None, presort='deprecated',
                           random_state=42, subsample=1.0, tol=0.0001,
                           validation_fraction=0.1, verbose=0,
                           warm_start=False)
2024-01-13 21:18:46,720:INFO:create_model() succesfully completed......................................
2024-01-13 21:18:46,998:INFO:SubProcess create_model() end ==================================
2024-01-13 21:18:46,999:INFO:Creating metrics dataframe
2024-01-13 21:18:47,018:INFO:Initializing Linear Discriminant Analysis
2024-01-13 21:18:47,019:INFO:Total runtime is 25.37511642376582 minutes
2024-01-13 21:18:47,027:INFO:SubProcess create_model() called ==================================
2024-01-13 21:18:47,028:INFO:Initializing create_model()
2024-01-13 21:18:47,028:INFO:create_model(estimator=lda, fold=StratifiedKFold(n_splits=3, random_state=None, shuffle=False), round=4, cross_validation=True, predict=True, fit_kwargs={}, groups=None, refit=False, verbose=False, system=False, metrics=None, add_to_model_list=True, probability_threshold=None, display=<pycaret.internal.Display.Display object at 0x0000020005909130>, kwargs={})
2024-01-13 21:18:47,028:INFO:Checking exceptions
2024-01-13 21:18:47,028:INFO:Importing libraries
2024-01-13 21:18:47,028:INFO:Copying training dataset
2024-01-13 21:18:47,426:INFO:Defining folds
2024-01-13 21:18:47,426:INFO:Declaring metric variables
2024-01-13 21:18:47,432:INFO:Importing untrained model
2024-01-13 21:18:47,440:INFO:Linear Discriminant Analysis Imported succesfully
2024-01-13 21:18:47,454:INFO:Starting cross validation
2024-01-13 21:18:47,454:INFO:Cross validating with StratifiedKFold(n_splits=3, random_state=None, shuffle=False), n_jobs=-1
2024-01-13 21:26:39,600:INFO:Calculating mean and std
2024-01-13 21:26:39,700:INFO:Creating metrics dataframe
2024-01-13 21:26:39,800:INFO:Uploading results into container
2024-01-13 21:26:39,800:INFO:Uploading model into container now
2024-01-13 21:26:39,801:INFO:create_model_container: 11
2024-01-13 21:26:39,801:INFO:master_model_container: 11
2024-01-13 21:26:39,801:INFO:display_container: 2
2024-01-13 21:26:39,814:INFO:LinearDiscriminantAnalysis(n_components=None, priors=None, shrinkage=None,
                           solver='svd', store_covariance=False, tol=0.0001)
2024-01-13 21:26:39,815:INFO:create_model() succesfully completed......................................
2024-01-13 21:26:40,282:INFO:SubProcess create_model() end ==================================
2024-01-13 21:26:40,282:INFO:Creating metrics dataframe
2024-01-13 21:26:40,312:INFO:Initializing Extra Trees Classifier
2024-01-13 21:26:40,312:INFO:Total runtime is 33.26333508491516 minutes
2024-01-13 21:26:40,322:INFO:SubProcess create_model() called ==================================
2024-01-13 21:26:40,322:INFO:Initializing create_model()
2024-01-13 21:26:40,322:INFO:create_model(estimator=et, fold=StratifiedKFold(n_splits=3, random_state=None, shuffle=False), round=4, cross_validation=True, predict=True, fit_kwargs={}, groups=None, refit=False, verbose=False, system=False, metrics=None, add_to_model_list=True, probability_threshold=None, display=<pycaret.internal.Display.Display object at 0x0000020005909130>, kwargs={})
2024-01-13 21:26:40,322:INFO:Checking exceptions
2024-01-13 21:26:40,322:INFO:Importing libraries
2024-01-13 21:26:40,325:INFO:Copying training dataset
2024-01-13 21:26:41,135:INFO:Defining folds
2024-01-13 21:26:41,135:INFO:Declaring metric variables
2024-01-13 21:26:41,142:INFO:Importing untrained model
2024-01-13 21:26:41,152:INFO:Extra Trees Classifier Imported succesfully
2024-01-13 21:26:41,169:INFO:Starting cross validation
2024-01-13 21:26:41,169:INFO:Cross validating with StratifiedKFold(n_splits=3, random_state=None, shuffle=False), n_jobs=-1
2024-01-13 21:31:55,745:INFO:Calculating mean and std
2024-01-13 21:31:55,747:INFO:Creating metrics dataframe
2024-01-13 21:31:55,754:INFO:Uploading results into container
2024-01-13 21:31:55,754:INFO:Uploading model into container now
2024-01-13 21:31:55,754:INFO:create_model_container: 12
2024-01-13 21:31:55,754:INFO:master_model_container: 12
2024-01-13 21:31:55,755:INFO:display_container: 2
2024-01-13 21:31:55,755:INFO:ExtraTreesClassifier(bootstrap=False, ccp_alpha=0.0, class_weight=None,
                     criterion='gini', max_depth=None, max_features='auto',
                     max_leaf_nodes=None, max_samples=None,
                     min_impurity_decrease=0.0, min_impurity_split=None,
                     min_samples_leaf=1, min_samples_split=2,
                     min_weight_fraction_leaf=0.0, n_estimators=100, n_jobs=-1,
                     oob_score=False, random_state=42, verbose=0,
                     warm_start=False)
2024-01-13 21:31:55,755:INFO:create_model() succesfully completed......................................
2024-01-13 21:31:56,057:INFO:SubProcess create_model() end ==================================
2024-01-13 21:31:56,058:INFO:Creating metrics dataframe
2024-01-13 21:31:56,087:INFO:Initializing Extreme Gradient Boosting
2024-01-13 21:31:56,088:INFO:Total runtime is 38.52625763813655 minutes
2024-01-13 21:31:56,098:INFO:SubProcess create_model() called ==================================
2024-01-13 21:31:56,100:INFO:Initializing create_model()
2024-01-13 21:31:56,100:INFO:create_model(estimator=xgboost, fold=StratifiedKFold(n_splits=3, random_state=None, shuffle=False), round=4, cross_validation=True, predict=True, fit_kwargs={}, groups=None, refit=False, verbose=False, system=False, metrics=None, add_to_model_list=True, probability_threshold=None, display=<pycaret.internal.Display.Display object at 0x0000020005909130>, kwargs={})
2024-01-13 21:31:56,100:INFO:Checking exceptions
2024-01-13 21:31:56,101:INFO:Importing libraries
2024-01-13 21:31:56,101:INFO:Copying training dataset
2024-01-13 21:31:56,843:INFO:Defining folds
2024-01-13 21:31:56,843:INFO:Declaring metric variables
2024-01-13 21:31:56,851:INFO:Importing untrained model
2024-01-13 21:31:56,864:INFO:Extreme Gradient Boosting Imported succesfully
2024-01-13 21:31:56,885:INFO:Starting cross validation
2024-01-13 21:31:56,886:INFO:Cross validating with StratifiedKFold(n_splits=3, random_state=None, shuffle=False), n_jobs=-1
2024-01-13 21:32:08,781:INFO:Calculating mean and std
2024-01-13 21:32:08,782:INFO:Creating metrics dataframe
2024-01-13 21:32:08,788:INFO:Uploading results into container
2024-01-13 21:32:08,789:INFO:Uploading model into container now
2024-01-13 21:32:08,789:INFO:create_model_container: 13
2024-01-13 21:32:08,789:INFO:master_model_container: 13
2024-01-13 21:32:08,789:INFO:display_container: 2
2024-01-13 21:32:08,790:INFO:XGBClassifier(base_score=None, booster='gbtree', colsample_bylevel=None,
              colsample_bynode=None, colsample_bytree=None, gamma=None,
              gpu_id=None, importance_type='gain', interaction_constraints=None,
              learning_rate=None, max_delta_step=None, max_depth=None,
              min_child_weight=None, missing=nan, monotone_constraints=None,
              n_estimators=100, n_jobs=-1, num_parallel_tree=None,
              objective='binary:logistic', random_state=42, reg_alpha=None,
              reg_lambda=None, scale_pos_weight=None, subsample=None,
              tree_method='auto', use_label_encoder=True,
              validate_parameters=None, verbosity=0)
2024-01-13 21:32:08,791:INFO:create_model() succesfully completed......................................
2024-01-13 21:32:09,072:WARNING:create_model() for XGBClassifier(base_score=None, booster='gbtree', colsample_bylevel=None,
              colsample_bynode=None, colsample_bytree=None, gamma=None,
              gpu_id=None, importance_type='gain', interaction_constraints=None,
              learning_rate=None, max_delta_step=None, max_depth=None,
              min_child_weight=None, missing=nan, monotone_constraints=None,
              n_estimators=100, n_jobs=-1, num_parallel_tree=None,
              objective='binary:logistic', random_state=42, reg_alpha=None,
              reg_lambda=None, scale_pos_weight=None, subsample=None,
              tree_method='auto', use_label_encoder=True,
              validate_parameters=None, verbosity=0) raised an exception or returned all 0.0, trying without fit_kwargs:
2024-01-13 21:32:09,082:WARNING:Traceback (most recent call last):
  File "C:\Users\USER\anaconda3\lib\site-packages\pycaret\internal\tabular.py", line 2208, in compare_models
    assert np.sum(model_results.iloc[0]) != 0.0
AssertionError

2024-01-13 21:32:09,082:INFO:Initializing create_model()
2024-01-13 21:32:09,082:INFO:create_model(estimator=xgboost, fold=StratifiedKFold(n_splits=3, random_state=None, shuffle=False), round=4, cross_validation=True, predict=True, fit_kwargs={}, groups=None, refit=False, verbose=False, system=False, metrics=None, add_to_model_list=True, probability_threshold=None, display=<pycaret.internal.Display.Display object at 0x0000020005909130>, kwargs={})
2024-01-13 21:32:09,082:INFO:Checking exceptions
2024-01-13 21:32:09,082:INFO:Importing libraries
2024-01-13 21:32:09,082:INFO:Copying training dataset
2024-01-13 21:32:09,520:INFO:Defining folds
2024-01-13 21:32:09,521:INFO:Declaring metric variables
2024-01-13 21:32:09,530:INFO:Importing untrained model
2024-01-13 21:32:09,540:INFO:Extreme Gradient Boosting Imported succesfully
2024-01-13 21:32:09,560:INFO:Starting cross validation
2024-01-13 21:32:09,562:INFO:Cross validating with StratifiedKFold(n_splits=3, random_state=None, shuffle=False), n_jobs=-1
2024-01-13 21:32:30,150:INFO:Calculating mean and std
2024-01-13 21:32:30,176:INFO:Creating metrics dataframe
2024-01-13 21:32:30,234:INFO:Uploading results into container
2024-01-13 21:32:30,234:INFO:Uploading model into container now
2024-01-13 21:32:30,235:INFO:create_model_container: 14
2024-01-13 21:32:30,235:INFO:master_model_container: 14
2024-01-13 21:32:30,235:INFO:display_container: 2
2024-01-13 21:32:30,240:INFO:XGBClassifier(base_score=None, booster='gbtree', colsample_bylevel=None,
              colsample_bynode=None, colsample_bytree=None, gamma=None,
              gpu_id=None, importance_type='gain', interaction_constraints=None,
              learning_rate=None, max_delta_step=None, max_depth=None,
              min_child_weight=None, missing=nan, monotone_constraints=None,
              n_estimators=100, n_jobs=-1, num_parallel_tree=None,
              objective='binary:logistic', random_state=42, reg_alpha=None,
              reg_lambda=None, scale_pos_weight=None, subsample=None,
              tree_method='auto', use_label_encoder=True,
              validate_parameters=None, verbosity=0)
2024-01-13 21:32:30,241:INFO:create_model() succesfully completed......................................
2024-01-13 21:32:30,680:ERROR:create_model() for XGBClassifier(base_score=None, booster='gbtree', colsample_bylevel=None,
              colsample_bynode=None, colsample_bytree=None, gamma=None,
              gpu_id=None, importance_type='gain', interaction_constraints=None,
              learning_rate=None, max_delta_step=None, max_depth=None,
              min_child_weight=None, missing=nan, monotone_constraints=None,
              n_estimators=100, n_jobs=-1, num_parallel_tree=None,
              objective='binary:logistic', random_state=42, reg_alpha=None,
              reg_lambda=None, scale_pos_weight=None, subsample=None,
              tree_method='auto', use_label_encoder=True,
              validate_parameters=None, verbosity=0) raised an exception or returned all 0.0:
2024-01-13 21:32:30,682:ERROR:Traceback (most recent call last):
  File "C:\Users\USER\anaconda3\lib\site-packages\pycaret\internal\tabular.py", line 2208, in compare_models
    assert np.sum(model_results.iloc[0]) != 0.0
AssertionError

During handling of the above exception, another exception occurred:

Traceback (most recent call last):
  File "C:\Users\USER\anaconda3\lib\site-packages\pycaret\internal\tabular.py", line 2217, in compare_models
    assert np.sum(model_results.iloc[0]) != 0.0
AssertionError

2024-01-13 21:32:30,682:INFO:Initializing Light Gradient Boosting Machine
2024-01-13 21:32:30,682:INFO:Total runtime is 39.10282880067825 minutes
2024-01-13 21:32:30,697:INFO:SubProcess create_model() called ==================================
2024-01-13 21:32:30,698:INFO:Initializing create_model()
2024-01-13 21:32:30,698:INFO:create_model(estimator=lightgbm, fold=StratifiedKFold(n_splits=3, random_state=None, shuffle=False), round=4, cross_validation=True, predict=True, fit_kwargs={}, groups=None, refit=False, verbose=False, system=False, metrics=None, add_to_model_list=True, probability_threshold=None, display=<pycaret.internal.Display.Display object at 0x0000020005909130>, kwargs={})
2024-01-13 21:32:30,699:INFO:Checking exceptions
2024-01-13 21:32:30,699:INFO:Importing libraries
2024-01-13 21:32:30,699:INFO:Copying training dataset
2024-01-13 21:32:31,254:INFO:Defining folds
2024-01-13 21:32:31,254:INFO:Declaring metric variables
2024-01-13 21:32:31,263:INFO:Importing untrained model
2024-01-13 21:32:31,273:INFO:Light Gradient Boosting Machine Imported succesfully
2024-01-13 21:32:31,294:INFO:Starting cross validation
2024-01-13 21:32:31,295:INFO:Cross validating with StratifiedKFold(n_splits=3, random_state=None, shuffle=False), n_jobs=-1
2024-01-13 21:32:42,290:INFO:Calculating mean and std
2024-01-13 21:32:42,291:INFO:Creating metrics dataframe
2024-01-13 21:32:42,296:INFO:Uploading results into container
2024-01-13 21:32:42,296:INFO:Uploading model into container now
2024-01-13 21:32:42,296:INFO:create_model_container: 15
2024-01-13 21:32:42,296:INFO:master_model_container: 15
2024-01-13 21:32:42,296:INFO:display_container: 2
2024-01-13 21:32:42,296:INFO:LGBMClassifier(boosting_type='gbdt', class_weight=None, colsample_bytree=1.0,
               importance_type='split', learning_rate=0.1, max_depth=-1,
               min_child_samples=20, min_child_weight=0.001, min_split_gain=0.0,
               n_estimators=100, n_jobs=-1, num_leaves=31, objective=None,
               random_state=42, reg_alpha=0.0, reg_lambda=0.0, silent=True,
               subsample=1.0, subsample_for_bin=200000, subsample_freq=0)
2024-01-13 21:32:42,297:INFO:create_model() succesfully completed......................................
2024-01-13 21:32:42,579:WARNING:create_model() for LGBMClassifier(boosting_type='gbdt', class_weight=None, colsample_bytree=1.0,
               importance_type='split', learning_rate=0.1, max_depth=-1,
               min_child_samples=20, min_child_weight=0.001, min_split_gain=0.0,
               n_estimators=100, n_jobs=-1, num_leaves=31, objective=None,
               random_state=42, reg_alpha=0.0, reg_lambda=0.0, silent=True,
               subsample=1.0, subsample_for_bin=200000, subsample_freq=0) raised an exception or returned all 0.0, trying without fit_kwargs:
2024-01-13 21:32:42,580:WARNING:Traceback (most recent call last):
  File "C:\Users\USER\anaconda3\lib\site-packages\pycaret\internal\tabular.py", line 2208, in compare_models
    assert np.sum(model_results.iloc[0]) != 0.0
AssertionError

2024-01-13 21:32:42,580:INFO:Initializing create_model()
2024-01-13 21:32:42,580:INFO:create_model(estimator=lightgbm, fold=StratifiedKFold(n_splits=3, random_state=None, shuffle=False), round=4, cross_validation=True, predict=True, fit_kwargs={}, groups=None, refit=False, verbose=False, system=False, metrics=None, add_to_model_list=True, probability_threshold=None, display=<pycaret.internal.Display.Display object at 0x0000020005909130>, kwargs={})
2024-01-13 21:32:42,580:INFO:Checking exceptions
2024-01-13 21:32:42,580:INFO:Importing libraries
2024-01-13 21:32:42,581:INFO:Copying training dataset
2024-01-13 21:32:43,085:INFO:Defining folds
2024-01-13 21:32:43,085:INFO:Declaring metric variables
2024-01-13 21:32:43,093:INFO:Importing untrained model
2024-01-13 21:32:43,103:INFO:Light Gradient Boosting Machine Imported succesfully
2024-01-13 21:32:43,121:INFO:Starting cross validation
2024-01-13 21:32:43,122:INFO:Cross validating with StratifiedKFold(n_splits=3, random_state=None, shuffle=False), n_jobs=-1
2024-01-13 21:32:52,686:INFO:Calculating mean and std
2024-01-13 21:32:52,687:INFO:Creating metrics dataframe
2024-01-13 21:32:52,693:INFO:Uploading results into container
2024-01-13 21:32:52,693:INFO:Uploading model into container now
2024-01-13 21:32:52,693:INFO:create_model_container: 16
2024-01-13 21:32:52,693:INFO:master_model_container: 16
2024-01-13 21:32:52,694:INFO:display_container: 2
2024-01-13 21:32:52,694:INFO:LGBMClassifier(boosting_type='gbdt', class_weight=None, colsample_bytree=1.0,
               importance_type='split', learning_rate=0.1, max_depth=-1,
               min_child_samples=20, min_child_weight=0.001, min_split_gain=0.0,
               n_estimators=100, n_jobs=-1, num_leaves=31, objective=None,
               random_state=42, reg_alpha=0.0, reg_lambda=0.0, silent=True,
               subsample=1.0, subsample_for_bin=200000, subsample_freq=0)
2024-01-13 21:32:52,694:INFO:create_model() succesfully completed......................................
2024-01-13 21:32:52,961:ERROR:create_model() for LGBMClassifier(boosting_type='gbdt', class_weight=None, colsample_bytree=1.0,
               importance_type='split', learning_rate=0.1, max_depth=-1,
               min_child_samples=20, min_child_weight=0.001, min_split_gain=0.0,
               n_estimators=100, n_jobs=-1, num_leaves=31, objective=None,
               random_state=42, reg_alpha=0.0, reg_lambda=0.0, silent=True,
               subsample=1.0, subsample_for_bin=200000, subsample_freq=0) raised an exception or returned all 0.0:
2024-01-13 21:32:52,962:ERROR:Traceback (most recent call last):
  File "C:\Users\USER\anaconda3\lib\site-packages\pycaret\internal\tabular.py", line 2208, in compare_models
    assert np.sum(model_results.iloc[0]) != 0.0
AssertionError

During handling of the above exception, another exception occurred:

Traceback (most recent call last):
  File "C:\Users\USER\anaconda3\lib\site-packages\pycaret\internal\tabular.py", line 2217, in compare_models
    assert np.sum(model_results.iloc[0]) != 0.0
AssertionError

2024-01-13 21:32:52,962:INFO:Initializing CatBoost Classifier
2024-01-13 21:32:52,962:INFO:Total runtime is 39.47416383425395 minutes
2024-01-13 21:32:52,971:INFO:SubProcess create_model() called ==================================
2024-01-13 21:32:52,971:INFO:Initializing create_model()
2024-01-13 21:32:52,971:INFO:create_model(estimator=catboost, fold=StratifiedKFold(n_splits=3, random_state=None, shuffle=False), round=4, cross_validation=True, predict=True, fit_kwargs={}, groups=None, refit=False, verbose=False, system=False, metrics=None, add_to_model_list=True, probability_threshold=None, display=<pycaret.internal.Display.Display object at 0x0000020005909130>, kwargs={})
2024-01-13 21:32:52,971:INFO:Checking exceptions
2024-01-13 21:32:52,972:INFO:Importing libraries
2024-01-13 21:32:52,972:INFO:Copying training dataset
2024-01-13 21:32:53,461:INFO:Defining folds
2024-01-13 21:32:53,462:INFO:Declaring metric variables
2024-01-13 21:32:53,471:INFO:Importing untrained model
2024-01-13 21:32:53,488:INFO:CatBoost Classifier Imported succesfully
2024-01-13 21:32:53,506:INFO:Starting cross validation
2024-01-13 21:32:53,514:INFO:Cross validating with StratifiedKFold(n_splits=3, random_state=None, shuffle=False), n_jobs=-1
2024-01-13 21:32:58,578:INFO:Calculating mean and std
2024-01-13 21:32:58,579:INFO:Creating metrics dataframe
2024-01-13 21:32:58,585:INFO:Uploading results into container
2024-01-13 21:32:58,585:INFO:Uploading model into container now
2024-01-13 21:32:58,585:INFO:create_model_container: 17
2024-01-13 21:32:58,585:INFO:master_model_container: 17
2024-01-13 21:32:58,585:INFO:display_container: 2
2024-01-13 21:32:58,585:INFO:<catboost.core.CatBoostClassifier object at 0x000002000DF37700>
2024-01-13 21:32:58,585:INFO:create_model() succesfully completed......................................
2024-01-13 21:32:58,790:WARNING:create_model() for <catboost.core.CatBoostClassifier object at 0x000002000DF37700> raised an exception or returned all 0.0, trying without fit_kwargs:
2024-01-13 21:32:58,791:WARNING:Traceback (most recent call last):
  File "C:\Users\USER\anaconda3\lib\site-packages\pycaret\internal\tabular.py", line 2208, in compare_models
    assert np.sum(model_results.iloc[0]) != 0.0
AssertionError

2024-01-13 21:32:58,791:INFO:Initializing create_model()
2024-01-13 21:32:58,791:INFO:create_model(estimator=catboost, fold=StratifiedKFold(n_splits=3, random_state=None, shuffle=False), round=4, cross_validation=True, predict=True, fit_kwargs={}, groups=None, refit=False, verbose=False, system=False, metrics=None, add_to_model_list=True, probability_threshold=None, display=<pycaret.internal.Display.Display object at 0x0000020005909130>, kwargs={})
2024-01-13 21:32:58,791:INFO:Checking exceptions
2024-01-13 21:32:58,791:INFO:Importing libraries
2024-01-13 21:32:58,792:INFO:Copying training dataset
2024-01-13 21:32:59,204:INFO:Defining folds
2024-01-13 21:32:59,204:INFO:Declaring metric variables
2024-01-13 21:32:59,211:INFO:Importing untrained model
2024-01-13 21:32:59,220:INFO:CatBoost Classifier Imported succesfully
2024-01-13 21:32:59,241:INFO:Starting cross validation
2024-01-13 21:32:59,243:INFO:Cross validating with StratifiedKFold(n_splits=3, random_state=None, shuffle=False), n_jobs=-1
2024-01-13 21:33:04,067:INFO:Calculating mean and std
2024-01-13 21:33:04,068:INFO:Creating metrics dataframe
2024-01-13 21:33:04,071:INFO:Uploading results into container
2024-01-13 21:33:04,071:INFO:Uploading model into container now
2024-01-13 21:33:04,071:INFO:create_model_container: 18
2024-01-13 21:33:04,071:INFO:master_model_container: 18
2024-01-13 21:33:04,071:INFO:display_container: 2
2024-01-13 21:33:04,071:INFO:<catboost.core.CatBoostClassifier object at 0x000002000DF37C40>
2024-01-13 21:33:04,071:INFO:create_model() succesfully completed......................................
2024-01-13 21:33:04,333:ERROR:create_model() for <catboost.core.CatBoostClassifier object at 0x000002000DF37C40> raised an exception or returned all 0.0:
2024-01-13 21:33:04,334:ERROR:Traceback (most recent call last):
  File "C:\Users\USER\anaconda3\lib\site-packages\pycaret\internal\tabular.py", line 2208, in compare_models
    assert np.sum(model_results.iloc[0]) != 0.0
AssertionError

During handling of the above exception, another exception occurred:

Traceback (most recent call last):
  File "C:\Users\USER\anaconda3\lib\site-packages\pycaret\internal\tabular.py", line 2217, in compare_models
    assert np.sum(model_results.iloc[0]) != 0.0
AssertionError

2024-01-13 21:33:04,334:INFO:Initializing Dummy Classifier
2024-01-13 21:33:04,334:INFO:Total runtime is 39.66370206276576 minutes
2024-01-13 21:33:04,342:INFO:SubProcess create_model() called ==================================
2024-01-13 21:33:04,343:INFO:Initializing create_model()
2024-01-13 21:33:04,343:INFO:create_model(estimator=dummy, fold=StratifiedKFold(n_splits=3, random_state=None, shuffle=False), round=4, cross_validation=True, predict=True, fit_kwargs={}, groups=None, refit=False, verbose=False, system=False, metrics=None, add_to_model_list=True, probability_threshold=None, display=<pycaret.internal.Display.Display object at 0x0000020005909130>, kwargs={})
2024-01-13 21:33:04,343:INFO:Checking exceptions
2024-01-13 21:33:04,343:INFO:Importing libraries
2024-01-13 21:33:04,343:INFO:Copying training dataset
2024-01-13 21:33:04,807:INFO:Defining folds
2024-01-13 21:33:04,807:INFO:Declaring metric variables
2024-01-13 21:33:04,815:INFO:Importing untrained model
2024-01-13 21:33:04,822:INFO:Dummy Classifier Imported succesfully
2024-01-13 21:33:04,842:INFO:Starting cross validation
2024-01-13 21:33:04,843:INFO:Cross validating with StratifiedKFold(n_splits=3, random_state=None, shuffle=False), n_jobs=-1
2024-01-13 21:33:08,442:INFO:Calculating mean and std
2024-01-13 21:33:08,443:INFO:Creating metrics dataframe
2024-01-13 21:33:08,446:INFO:Uploading results into container
2024-01-13 21:33:08,446:INFO:Uploading model into container now
2024-01-13 21:33:08,446:INFO:create_model_container: 19
2024-01-13 21:33:08,446:INFO:master_model_container: 19
2024-01-13 21:33:08,446:INFO:display_container: 2
2024-01-13 21:33:08,446:INFO:DummyClassifier(constant=None, random_state=42, strategy='prior')
2024-01-13 21:33:08,446:INFO:create_model() succesfully completed......................................
2024-01-13 21:33:08,711:INFO:SubProcess create_model() end ==================================
2024-01-13 21:33:08,712:INFO:Creating metrics dataframe
2024-01-13 21:33:08,759:INFO:Initializing create_model()
2024-01-13 21:33:08,760:INFO:create_model(estimator=GradientBoostingClassifier(ccp_alpha=0.0, criterion='friedman_mse', init=None,
                           learning_rate=0.1, loss='deviance', max_depth=3,
                           max_features=None, max_leaf_nodes=None,
                           min_impurity_decrease=0.0, min_impurity_split=None,
                           min_samples_leaf=1, min_samples_split=2,
                           min_weight_fraction_leaf=0.0, n_estimators=100,
                           n_iter_no_change=None, presort='deprecated',
                           random_state=42, subsample=1.0, tol=0.0001,
                           validation_fraction=0.1, verbose=0,
                           warm_start=False), fold=StratifiedKFold(n_splits=3, random_state=None, shuffle=False), round=4, cross_validation=False, predict=False, fit_kwargs={}, groups=None, refit=True, verbose=False, system=False, metrics=None, add_to_model_list=True, probability_threshold=None, display=None, kwargs={})
2024-01-13 21:33:08,760:INFO:Checking exceptions
2024-01-13 21:33:08,760:INFO:Importing libraries
2024-01-13 21:33:08,760:INFO:Copying training dataset
2024-01-13 21:33:09,230:INFO:Defining folds
2024-01-13 21:33:09,230:INFO:Declaring metric variables
2024-01-13 21:33:09,230:INFO:Importing untrained model
2024-01-13 21:33:09,230:INFO:Declaring custom model
2024-01-13 21:33:09,231:INFO:Gradient Boosting Classifier Imported succesfully
2024-01-13 21:33:09,232:INFO:Cross validation set to False
2024-01-13 21:33:09,232:INFO:Fitting Model
2024-01-13 21:40:18,960:INFO:GradientBoostingClassifier(ccp_alpha=0.0, criterion='friedman_mse', init=None,
                           learning_rate=0.1, loss='deviance', max_depth=3,
                           max_features=None, max_leaf_nodes=None,
                           min_impurity_decrease=0.0, min_impurity_split=None,
                           min_samples_leaf=1, min_samples_split=2,
                           min_weight_fraction_leaf=0.0, n_estimators=100,
                           n_iter_no_change=None, presort='deprecated',
                           random_state=42, subsample=1.0, tol=0.0001,
                           validation_fraction=0.1, verbose=0,
                           warm_start=False)
2024-01-13 21:40:18,960:INFO:create_models() succesfully completed......................................
2024-01-13 21:40:19,226:INFO:create_model_container: 19
2024-01-13 21:40:19,226:INFO:master_model_container: 19
2024-01-13 21:40:19,226:INFO:display_container: 2
2024-01-13 21:40:19,227:INFO:GradientBoostingClassifier(ccp_alpha=0.0, criterion='friedman_mse', init=None,
                           learning_rate=0.1, loss='deviance', max_depth=3,
                           max_features=None, max_leaf_nodes=None,
                           min_impurity_decrease=0.0, min_impurity_split=None,
                           min_samples_leaf=1, min_samples_split=2,
                           min_weight_fraction_leaf=0.0, n_estimators=100,
                           n_iter_no_change=None, presort='deprecated',
                           random_state=42, subsample=1.0, tol=0.0001,
                           validation_fraction=0.1, verbose=0,
                           warm_start=False)
2024-01-13 21:40:19,227:INFO:compare_models() succesfully completed......................................
2024-01-13 21:46:01,752:INFO:Initializing create_model()
2024-01-13 21:46:01,752:INFO:create_model(estimator=gbc, fold=None, round=4, cross_validation=True, predict=True, fit_kwargs=None, groups=None, refit=True, verbose=True, system=True, metrics=None, add_to_model_list=True, probability_threshold=None, display=None, kwargs={})
2024-01-13 21:46:01,752:INFO:Checking exceptions
2024-01-13 21:46:01,752:INFO:Preparing display monitor
2024-01-13 21:46:01,770:INFO:Importing libraries
2024-01-13 21:46:01,771:INFO:Copying training dataset
2024-01-13 21:46:02,267:INFO:Defining folds
2024-01-13 21:46:02,268:INFO:Declaring metric variables
2024-01-13 21:46:02,276:INFO:Importing untrained model
2024-01-13 21:46:02,285:INFO:Gradient Boosting Classifier Imported succesfully
2024-01-13 21:46:02,302:INFO:Starting cross validation
2024-01-13 21:46:02,303:INFO:Cross validating with StratifiedKFold(n_splits=10, random_state=None, shuffle=False), n_jobs=-1
